app/build/outputs/logs/manifest-merger-debug-report.txt
-- Merging decision tree log ---
manifest
ADDED from src\main\AndroidManifest.xml:3:1-27:12
INJECTED from src\main\AndroidManifest.xml:3:1-27:12
INJECTED from src\main\AndroidManifest.xml:3:1-27:12
INJECTED from src\main\AndroidManifest.xml:3:1-27:12
MERGED from [com.google.firebase:firebase-analytics-ktx:17.4.1] AndroidManifest.xml:2:1-17:12
MERGED from [com.google.firebase:firebase-config-ktx:19.1.4] AndroidManifest.xml:2:1-21:12
MERGED from [com.google.firebase:firebase-common-ktx:19.3.0] AndroidManifest.xml:2:1-21:12
MERGED from [com.github.divyanshub024:AndroidDraw:v0.1] AndroidManifest.xml:2:1-17:12
MERGED from [androidx.appcompat:appcompat:1.1.0] AndroidManifest.xml:17:1-24:12
MERGED from [androidx.core:core-ktx:1.1.0] AndroidManifest.xml:2:1-9:12
MERGED from [androidx.constraintlayout:constraintlayout:1.1.3] AndroidManifest.xml:2:1-11:12
MERGED from [com.google.firebase:firebase-ml-model-interpreter:22.0.3] AndroidManifest.xml:2:1-18:12
MERGED from [com.google.firebase:firebase-perf:19.0.7] AndroidManifest.xml:17:1-40:12
MERGED from [com.google.firebase:firebase-ml-common:22.1.1] AndroidManifest.xml:2:1-17:12
MERGED from [com.google.android.gms:play-services-clearcut:17.0.0] AndroidManifest.xml:17:1-24:12
MERGED from [com.google.android.gms:play-services-phenotype:17.0.0] AndroidManifest.xml:17:1-24:12
MERGED from [com.google.firebase:firebase-config:19.1.4] AndroidManifest.xml:17:1-38:12
MERGED from [com.google.firebase:firebase-analytics:17.4.1] AndroidManifest.xml:2:1-9:12
MERGED from [com.google.android.gms:play-services-measurement-api:17.4.1] AndroidManifest.xml:17:1-36:12
MERGED from [com.google.firebase:firebase-iid:20.1.5] AndroidManifest.xml:17:1-47:12
MERGED from [com.google.firebase:firebase-iid-interop:17.0.0] AndroidManifest.xml:2:1-10:12
MERGED from [com.google.android.gms:play-services-base:17.0.0] AndroidManifest.xml:17:1-29:12
MERGED from [com.google.firebase:firebase-abt:19.0.1] AndroidManifest.xml:2:1-19:12
MERGED from [com.google.firebase:firebase-installations:16.2.1] AndroidManifest.xml:2:1-23:12
MERGED from [com.google.firebase:firebase-common:19.3.0] AndroidManifest.xml:15:1-39:12
MERGED from [com.google.firebase:firebase-installations-interop:16.0.0] AndroidManifest.xml:15:1-23:12
MERGED from [com.google.android.gms:play-services-tasks:17.0.0] AndroidManifest.xml:2:1-9:12
MERGED from [org.tensorflow:tensorflow-lite:1.13.1] AndroidManifest.xml:2:1-11:12
MERGED from [com.google.android.gms:play-services-measurement:17.4.1] AndroidManifest.xml:17:1-46:12
MERGED from [com.google.android.gms:play-services-measurement-sdk:17.4.1] AndroidManifest.xml:17:1-25:12
MERGED from [com.google.android.gms:play-services-measurement-impl:17.4.1] AndroidManifest.xml:17:1-31:12
MERGED from [com.google.android.gms:play-services-stats:17.0.0] AndroidManifest.xml:2:1-9:12
MERGED from [com.google.firebase:firebase-measurement-connector:18.0.0] AndroidManifest.xml:17:1-25:12
MERGED from [com.google.android.gms:play-services-measurement-sdk-api:17.4.1] AndroidManifest.xml:17:1-27:12
MERGED from [com.google.android.gms:play-services-measurement-base:17.4.1] AndroidManifest.xml:2:1-9:12
MERGED from [com.google.android.gms:play-services-ads-identifier:17.0.0] AndroidManifest.xml:17:1-24:12
MERGED from [com.google.android.gms:play-services-basement:17.0.0] AndroidManifest.xml:17:1-28:12
MERGED from [androidx.fragment:fragment:1.1.0] AndroidManifest.xml:17:1-24:12
MERGED from [androidx.appcompat:appcompat-resources:1.1.0] AndroidManifest.xml:17:1-24:12
MERGED from [androidx.drawerlayout:drawerlayout:1.0.0] AndroidManifest.xml:17:1-22:12
MERGED from [androidx.viewpager:viewpager:1.0.0] AndroidManifest.xml:17:1-22:12
MERGED from [androidx.legacy:legacy-support-core-utils:1.0.0] AndroidManifest.xml:17:1-22:12
MERGED from [androidx.loader:loader:1.0.0] AndroidManifest.xml:17:1-22:12
MERGED from [androidx.activity:activity:1.0.0] AndroidManifest.xml:17:1-24:12
MERGED from [androidx.vectordrawable:vectordrawable-animated:1.1.0] AndroidManifest.xml:17:1-24:12
MERGED from [androidx.vectordrawable:vectordrawable:1.1.0] AndroidManifest.xml:17:1-24:12
MERGED from [androidx.customview:customview:1.0.0] AndroidManifest.xml:17:1-22:12
MERGED from [androidx.core:core:1.1.0] AndroidManifest.xml:17:1-26:12
MERGED from [androidx.cursoradapter:cursoradapter:1.0.0] AndroidManifest.xml:17:1-22:12
MERGED from [com.google.firebase:firebase-components:16.0.0] AndroidManifest.xml:15:1-23:12
MERGED from [androidx.versionedparcelable:versionedparcelable:1.1.0] AndroidManifest.xml:17:1-27:12
MERGED from [androidx.lifecycle:lifecycle-runtime:2.1.0] AndroidManifest.xml:17:1-22:12
MERGED from [androidx.lifecycle:lifecycle-viewmodel:2.1.0] AndroidManifest.xml:17:1-22:12
MERGED from [androidx.savedstate:savedstate:1.0.0] AndroidManifest.xml:17:1-24:12
MERGED from [androidx.interpolator:interpolator:1.0.0] AndroidManifest.xml:17:1-22:12
MERGED from [androidx.documentfile:documentfile:1.0.0] AndroidManifest.xml:17:1-22:12
MERGED from [androidx.localbroadcastmanager:localbroadcastmanager:1.0.0] AndroidManifest.xml:17:1-22:12
MERGED from [androidx.print:print:1.0.0] AndroidManifest.xml:17:1-22:12
MERGED from [androidx.lifecycle:lifecycle-livedata:2.0.0] AndroidManifest.xml:17:1-22:12
MERGED from [androidx.lifecycle:lifecycle-livedata-core:2.0.0] AndroidManifest.xml:17:1-22:12
MERGED from [androidx.arch.core:core-runtime:2.0.0] AndroidManifest.xml:17:1-22:12
INJECTED from src\main\AndroidManifest.xml:3:1-27:12
INJECTED from src\main\AndroidManifest.xml:3:1-27:12
INJECTED from src\main\AndroidManifest.xml:3:1-27:12
	package
		ADDED from src\main\AndroidManifest.xml:5:11-65
		INJECTED from src\main\AndroidManifest.xml
		INJECTED from src\main\AndroidManifest.xml
	android:versionName
		INJECTED from src\main\AndroidManifest.xml
		ADDED from src\main\AndroidManifest.xml:3:1-27:12
		INJECTED from src\main\AndroidManifest.xml
	xmlns:tools
		ADDED from src\main\AndroidManifest.xml:4:11-57
	android:versionCode
		INJECTED from src\main\AndroidManifest.xml
		ADDED from src\main\AndroidManifest.xml:3:1-27:12
		INJECTED from src\main\AndroidManifest.xml
	xmlns:android
		ADDED from src\main\AndroidManifest.xml:3:11-69
uses-sdk
ADDED from src\main\AndroidManifest.xml:7:3-15
INJECTED from src\main\AndroidManifest.xml:7:3-15
INJECTED from src\main\AndroidManifest.xml:7:3-15
MERGED from [com.google.firebase:firebase-analytics-ktx:17.4.1] AndroidManifest.xml:5:5-44
MERGED from [com.google.firebase:firebase-analytics-ktx:17.4.1] AndroidManifest.xml:5:5-44
MERGED from [com.google.firebase:firebase-config-ktx:19.1.4] AndroidManifest.xml:6:5-8:41
MERGED from [com.google.firebase:firebase-config-ktx:19.1.4] AndroidManifest.xml:6:5-8:41
MERGED from [com.google.firebase:firebase-common-ktx:19.3.0] AndroidManifest.xml:6:5-8:41
MERGED from [com.google.firebase:firebase-common-ktx:19.3.0] AndroidManifest.xml:6:5-8:41
MERGED from [com.github.divyanshub024:AndroidDraw:v0.1] AndroidManifest.xml:7:5-9:41
MERGED from [com.github.divyanshub024:AndroidDraw:v0.1] AndroidManifest.xml:7:5-9:41
MERGED from [androidx.appcompat:appcompat:1.1.0] AndroidManifest.xml:20:5-22:41
MERGED from [androidx.appcompat:appcompat:1.1.0] AndroidManifest.xml:20:5-22:41
MERGED from [androidx.core:core-ktx:1.1.0] AndroidManifest.xml:5:5-7:41
MERGED from [androidx.core:core-ktx:1.1.0] AndroidManifest.xml:5:5-7:41
MERGED from [androidx.constraintlayout:constraintlayout:1.1.3] AndroidManifest.xml:5:5-7:41
MERGED from [androidx.constraintlayout:constraintlayout:1.1.3] AndroidManifest.xml:5:5-7:41
MERGED from [com.google.firebase:firebase-ml-model-interpreter:22.0.3] AndroidManifest.xml:6:5-44
MERGED from [com.google.firebase:firebase-ml-model-interpreter:22.0.3] AndroidManifest.xml:6:5-44
MERGED from [com.google.firebase:firebase-perf:19.0.7] AndroidManifest.xml:20:5-44
MERGED from [com.google.firebase:firebase-perf:19.0.7] AndroidManifest.xml:20:5-44
MERGED from [com.google.firebase:firebase-ml-common:22.1.1] AndroidManifest.xml:5:5-44
MERGED from [com.google.firebase:firebase-ml-common:22.1.1] AndroidManifest.xml:5:5-44
MERGED from [com.google.android.gms:play-services-clearcut:17.0.0] AndroidManifest.xml:20:5-44
MERGED from [com.google.android.gms:play-services-clearcut:17.0.0] AndroidManifest.xml:20:5-44
MERGED from [com.google.android.gms:play-services-phenotype:17.0.0] AndroidManifest.xml:20:5-44
MERGED from [com.google.android.gms:play-services-phenotype:17.0.0] AndroidManifest.xml:20:5-44
MERGED from [com.google.firebase:firebase-config:19.1.4] AndroidManifest.xml:21:5-23:41
MERGED from [com.google.firebase:firebase-config:19.1.4] AndroidManifest.xml:21:5-23:41
MERGED from [com.google.firebase:firebase-analytics:17.4.1] AndroidManifest.xml:5:5-44
MERGED from [com.google.firebase:firebase-analytics:17.4.1] AndroidManifest.xml:5:5-44
MERGED from [com.google.android.gms:play-services-measurement-api:17.4.1] AndroidManifest.xml:20:5-44
MERGED from [com.google.android.gms:play-services-measurement-api:17.4.1] AndroidManifest.xml:20:5-44
MERGED from [com.google.firebase:firebase-iid:20.1.5] AndroidManifest.xml:20:5-44
MERGED from [com.google.firebase:firebase-iid:20.1.5] AndroidManifest.xml:20:5-44
MERGED from [com.google.firebase:firebase-iid-interop:17.0.0] AndroidManifest.xml:5:5-44
MERGED from [com.google.firebase:firebase-iid-interop:17.0.0] AndroidManifest.xml:5:5-44
MERGED from [com.google.android.gms:play-services-base:17.0.0] AndroidManifest.xml:20:5-44
MERGED from [com.google.android.gms:play-services-base:17.0.0] AndroidManifest.xml:20:5-44
MERGED from [com.google.firebase:firebase-abt:19.0.1] AndroidManifest.xml:6:5-8:41
MERGED from [com.google.firebase:firebase-abt:19.0.1] AndroidManifest.xml:6:5-8:41
MERGED from [com.google.firebase:firebase-installations:16.2.1] AndroidManifest.xml:6:5-8:41
MERGED from [com.google.firebase:firebase-installations:16.2.1] AndroidManifest.xml:6:5-8:41
MERGED from [com.google.firebase:firebase-common:19.3.0] AndroidManifest.xml:20:5-22:41
MERGED from [com.google.firebase:firebase-common:19.3.0] AndroidManifest.xml:20:5-22:41
MERGED from [com.google.firebase:firebase-installations-interop:16.0.0] AndroidManifest.xml:19:5-21:41
MERGED from [com.google.firebase:firebase-installations-interop:16.0.0] AndroidManifest.xml:19:5-21:41
MERGED from [com.google.android.gms:play-services-tasks:17.0.0] AndroidManifest.xml:5:5-44
MERGED from [com.google.android.gms:play-services-tasks:17.0.0] AndroidManifest.xml:5:5-44
MERGED from [org.tensorflow:tensorflow-lite:1.13.1] AndroidManifest.xml:5:5-7:41
MERGED from [org.tensorflow:tensorflow-lite:1.13.1] AndroidManifest.xml:5:5-7:41
MERGED from [com.google.android.gms:play-services-measurement:17.4.1] AndroidManifest.xml:20:5-44
MERGED from [com.google.android.gms:play-services-measurement:17.4.1] AndroidManifest.xml:20:5-44
MERGED from [com.google.android.gms:play-services-measurement-sdk:17.4.1] AndroidManifest.xml:20:5-44
MERGED from [com.google.android.gms:play-services-measurement-sdk:17.4.1] AndroidManifest.xml:20:5-44
MERGED from [com.google.android.gms:play-services-measurement-impl:17.4.1] AndroidManifest.xml:20:5-44
MERGED from [com.google.android.gms:play-services-measurement-impl:17.4.1] AndroidManifest.xml:20:5-44
MERGED from [com.google.android.gms:play-services-stats:17.0.0] AndroidManifest.xml:5:5-44
MERGED from [com.google.android.gms:play-services-stats:17.0.0] AndroidManifest.xml:5:5-44
MERGED from [com.google.firebase:firebase-measurement-connector:18.0.0] AndroidManifest.xml:20:5-44
MERGED from [com.google.firebase:firebase-measurement-connector:18.0.0] AndroidManifest.xml:20:5-44
MERGED from [com.google.android.gms:play-services-measurement-sdk-api:17.4.1] AndroidManifest.xml:20:5-44
MERGED from [com.google.android.gms:play-services-measurement-sdk-api:17.4.1] AndroidManifest.xml:20:5-44
MERGED from [com.google.android.gms:play-services-measurement-base:17.4.1] AndroidManifest.xml:5:5-44
MERGED from [com.google.android.gms:play-services-measurement-base:17.4.1] AndroidManifest.xml:5:5-44
MERGED from [com.google.android.gms:play-services-ads-identifier:17.0.0] AndroidManifest.xml:20:5-44
MERGED from [com.google.android.gms:play-services-ads-identifier:17.0.0] AndroidManifest.xml:20:5-44
MERGED from [com.google.android.gms:play-services-basement:17.0.0] AndroidManifest.xml:20:5-44
MERGED from [com.google.android.gms:play-services-basement:17.0.0] AndroidManifest.xml:20:5-44
MERGED from [androidx.fragment:fragment:1.1.0] AndroidManifest.xml:20:5-22:41
MERGED from [androidx.fragment:fragment:1.1.0] AndroidManifest.xml:20:5-22:41
MERGED from [androidx.appcompat:appcompat-resources:1.1.0] AndroidManifest.xml:20:5-22:41
MERGED from [androidx.appcompat:appcompat-resources:1.1.0] AndroidManifest.xml:20:5-22:41
MERGED from [androidx.drawerlayout:drawerlayout:1.0.0] AndroidManifest.xml:20:5-44
MERGED from [androidx.drawerlayout:drawerlayout:1.0.0] AndroidManifest.xml:20:5-44
MERGED from [androidx.viewpager:viewpager:1.0.0] AndroidManifest.xml:20:5-44
MERGED from [androidx.viewpager:viewpager:1.0.0] AndroidManifest.xml:20:5-44
MERGED from [androidx.legacy:legacy-support-core-utils:1.0.0] AndroidManifest.xml:20:5-44
MERGED from [androidx.legacy:legacy-support-core-utils:1.0.0] AndroidManifest.xml:20:5-44
MERGED from [androidx.loader:loader:1.0.0] AndroidManifest.xml:20:5-44
MERGED from [androidx.loader:loader:1.0.0] AndroidManifest.xml:20:5-44
MERGED from [androidx.activity:activity:1.0.0] AndroidManifest.xml:20:5-22:41
MERGED from [androidx.activity:activity:1.0.0] AndroidManifest.xml:20:5-22:41
MERGED from [androidx.vectordrawable:vectordrawable-animated:1.1.0] AndroidManifest.xml:20:5-22:41
MERGED from [androidx.vectordrawable:vectordrawable-animated:1.1.0] AndroidManifest.xml:20:5-22:41
MERGED from [androidx.vectordrawable:vectordrawable:1.1.0] AndroidManifest.xml:20:5-22:41
MERGED from [androidx.vectordrawable:vectordrawable:1.1.0] AndroidManifest.xml:20:5-22:41
MERGED from [androidx.customview:customview:1.0.0] AndroidManifest.xml:20:5-44
MERGED from [androidx.customview:customview:1.0.0] AndroidManifest.xml:20:5-44
MERGED from [androidx.core:core:1.1.0] AndroidManifest.xml:20:5-22:41
MERGED from [androidx.core:core:1.1.0] AndroidManifest.xml:20:5-22:41
MERGED from [androidx.cursoradapter:cursoradapter:1.0.0] AndroidManifest.xml:20:5-44
MERGED from [androidx.cursoradapter:cursoradapter:1.0.0] AndroidManifest.xml:20:5-44
MERGED from [com.google.firebase:firebase-components:16.0.0] AndroidManifest.xml:19:5-21:41
MERGED from [com.google.firebase:firebase-components:16.0.0] AndroidManifest.xml:19:5-21:41
MERGED from [androidx.versionedparcelable:versionedparcelable:1.1.0] AndroidManifest.xml:20:5-22:41
MERGED from [androidx.versionedparcelable:versionedparcelable:1.1.0] AndroidManifest.xml:20:5-22:41
MERGED from [androidx.lifecycle:lifecycle-runtime:2.1.0] AndroidManifest.xml:20:5-44
MERGED from [androidx.lifecycle:lifecycle-runtime:2.1.0] AndroidManifest.xml:20:5-44
MERGED from [androidx.lifecycle:lifecycle-viewmodel:2.1.0] AndroidManifest.xml:20:5-44
MERGED from [androidx.lifecycle:lifecycle-viewmodel:2.1.0] AndroidManifest.xml:20:5-44
MERGED from [androidx.savedstate:savedstate:1.0.0] AndroidManifest.xml:20:5-22:41
MERGED from [androidx.savedstate:savedstate:1.0.0] AndroidManifest.xml:20:5-22:41
MERGED from [androidx.interpolator:interpolator:1.0.0] AndroidManifest.xml:20:5-44
MERGED from [androidx.interpolator:interpolator:1.0.0] AndroidManifest.xml:20:5-44
MERGED from [androidx.documentfile:documentfile:1.0.0] AndroidManifest.xml:20:5-44
MERGED from [androidx.documentfile:documentfile:1.0.0] AndroidManifest.xml:20:5-44
MERGED from [androidx.localbroadcastmanager:localbroadcastmanager:1.0.0] AndroidManifest.xml:20:5-44
MERGED from [androidx.localbroadcastmanager:localbroadcastmanager:1.0.0] AndroidManifest.xml:20:5-44
MERGED from [androidx.print:print:1.0.0] AndroidManifest.xml:20:5-44
MERGED from [androidx.print:print:1.0.0] AndroidManifest.xml:20:5-44
MERGED from [androidx.lifecycle:lifecycle-livedata:2.0.0] AndroidManifest.xml:20:5-44
MERGED from [androidx.lifecycle:lifecycle-livedata:2.0.0] AndroidManifest.xml:20:5-44
MERGED from [androidx.lifecycle:lifecycle-livedata-core:2.0.0] AndroidManifest.xml:20:5-44
MERGED from [androidx.lifecycle:lifecycle-livedata-core:2.0.0] AndroidManifest.xml:20:5-44
MERGED from [androidx.arch.core:core-runtime:2.0.0] AndroidManifest.xml:20:5-44
MERGED from [androidx.arch.core:core-runtime:2.0.0] AndroidManifest.xml:20:5-44
INJECTED from src\main\AndroidManifest.xml:7:3-15
INJECTED from src\main\AndroidManifest.xml:7:3-15
	android:targetSdkVersion
		INJECTED from src\main\AndroidManifest.xml
		ADDED from src\main\AndroidManifest.xml:7:3-15
		INJECTED from src\main\AndroidManifest.xml
	android:minSdkVersion
		INJECTED from src\main\AndroidManifest.xml
		ADDED from src\main\AndroidManifest.xml:7:3-15
		INJECTED from src\main\AndroidManifest.xml
application
ADDED from src\main\AndroidManifest.xml:9:3-25:17
MERGED from [com.google.firebase:firebase-analytics-ktx:17.4.1] AndroidManifest.xml:7:5-15:19
MERGED from [com.google.firebase:firebase-analytics-ktx:17.4.1] AndroidManifest.xml:7:5-15:19
MERGED from [com.google.firebase:firebase-config-ktx:19.1.4] AndroidManifest.xml:11:5-19:19
MERGED from [com.google.firebase:firebase-config-ktx:19.1.4] AndroidManifest.xml:11:5-19:19
MERGED from [com.google.firebase:firebase-common-ktx:19.3.0] AndroidManifest.xml:11:5-19:19
MERGED from [com.google.firebase:firebase-common-ktx:19.3.0] AndroidManifest.xml:11:5-19:19
MERGED from [com.github.divyanshub024:AndroidDraw:v0.1] AndroidManifest.xml:11:5-15:19
MERGED from [com.github.divyanshub024:AndroidDraw:v0.1] AndroidManifest.xml:11:5-15:19
MERGED from [androidx.constraintlayout:constraintlayout:1.1.3] AndroidManifest.xml:9:5-20
MERGED from [androidx.constraintlayout:constraintlayout:1.1.3] AndroidManifest.xml:9:5-20
MERGED from [com.google.firebase:firebase-ml-model-interpreter:22.0.3] AndroidManifest.xml:8:5-16:19
MERGED from [com.google.firebase:firebase-ml-model-interpreter:22.0.3] AndroidManifest.xml:8:5-16:19
MERGED from [com.google.firebase:firebase-perf:19.0.7] AndroidManifest.xml:24:5-38:19
MERGED from [com.google.firebase:firebase-perf:19.0.7] AndroidManifest.xml:24:5-38:19
MERGED from [com.google.firebase:firebase-ml-common:22.1.1] AndroidManifest.xml:7:5-15:19
MERGED from [com.google.firebase:firebase-ml-common:22.1.1] AndroidManifest.xml:7:5-15:19
MERGED from [com.google.android.gms:play-services-clearcut:17.0.0] AndroidManifest.xml:22:5-20
MERGED from [com.google.android.gms:play-services-clearcut:17.0.0] AndroidManifest.xml:22:5-20
MERGED from [com.google.android.gms:play-services-phenotype:17.0.0] AndroidManifest.xml:22:5-20
MERGED from [com.google.android.gms:play-services-phenotype:17.0.0] AndroidManifest.xml:22:5-20
MERGED from [com.google.firebase:firebase-config:19.1.4] AndroidManifest.xml:28:5-36:19
MERGED from [com.google.firebase:firebase-config:19.1.4] AndroidManifest.xml:28:5-36:19
MERGED from [com.google.firebase:firebase-analytics:17.4.1] AndroidManifest.xml:7:5-20
MERGED from [com.google.firebase:firebase-analytics:17.4.1] AndroidManifest.xml:7:5-20
MERGED from [com.google.android.gms:play-services-measurement-api:17.4.1] AndroidManifest.xml:26:5-34:19
MERGED from [com.google.android.gms:play-services-measurement-api:17.4.1] AndroidManifest.xml:26:5-34:19
MERGED from [com.google.firebase:firebase-iid:20.1.5] AndroidManifest.xml:28:5-45:19
MERGED from [com.google.firebase:firebase-iid:20.1.5] AndroidManifest.xml:28:5-45:19
MERGED from [com.google.firebase:firebase-iid-interop:17.0.0] AndroidManifest.xml:7:5-8:19
MERGED from [com.google.firebase:firebase-iid-interop:17.0.0] AndroidManifest.xml:7:5-8:19
MERGED from [com.google.android.gms:play-services-base:17.0.0] AndroidManifest.xml:22:5-27:19
MERGED from [com.google.android.gms:play-services-base:17.0.0] AndroidManifest.xml:22:5-27:19
MERGED from [com.google.firebase:firebase-abt:19.0.1] AndroidManifest.xml:11:5-17:19
MERGED from [com.google.firebase:firebase-abt:19.0.1] AndroidManifest.xml:11:5-17:19
MERGED from [com.google.firebase:firebase-installations:16.2.1] AndroidManifest.xml:13:5-21:19
MERGED from [com.google.firebase:firebase-installations:16.2.1] AndroidManifest.xml:13:5-21:19
MERGED from [com.google.firebase:firebase-common:19.3.0] AndroidManifest.xml:25:5-37:19
MERGED from [com.google.firebase:firebase-common:19.3.0] AndroidManifest.xml:25:5-37:19
MERGED from [com.google.android.gms:play-services-tasks:17.0.0] AndroidManifest.xml:7:5-20
MERGED from [com.google.android.gms:play-services-tasks:17.0.0] AndroidManifest.xml:7:5-20
MERGED from [org.tensorflow:tensorflow-lite:1.13.1] AndroidManifest.xml:9:5-20
MERGED from [org.tensorflow:tensorflow-lite:1.13.1] AndroidManifest.xml:9:5-20
MERGED from [com.google.android.gms:play-services-measurement:17.4.1] AndroidManifest.xml:28:5-44:19
MERGED from [com.google.android.gms:play-services-measurement:17.4.1] AndroidManifest.xml:28:5-44:19
MERGED from [com.google.android.gms:play-services-measurement-sdk:17.4.1] AndroidManifest.xml:22:5-23:19
MERGED from [com.google.android.gms:play-services-measurement-sdk:17.4.1] AndroidManifest.xml:22:5-23:19
MERGED from [com.google.android.gms:play-services-measurement-impl:17.4.1] AndroidManifest.xml:28:5-29:19
MERGED from [com.google.android.gms:play-services-measurement-impl:17.4.1] AndroidManifest.xml:28:5-29:19
MERGED from [com.google.android.gms:play-services-stats:17.0.0] AndroidManifest.xml:7:5-20
MERGED from [com.google.android.gms:play-services-stats:17.0.0] AndroidManifest.xml:7:5-20
MERGED from [com.google.firebase:firebase-measurement-connector:18.0.0] AndroidManifest.xml:22:5-23:19
MERGED from [com.google.firebase:firebase-measurement-connector:18.0.0] AndroidManifest.xml:22:5-23:19
MERGED from [com.google.android.gms:play-services-measurement-base:17.4.1] AndroidManifest.xml:7:5-20
MERGED from [com.google.android.gms:play-services-measurement-base:17.4.1] AndroidManifest.xml:7:5-20
MERGED from [com.google.android.gms:play-services-ads-identifier:17.0.0] AndroidManifest.xml:22:5-20
MERGED from [com.google.android.gms:play-services-ads-identifier:17.0.0] AndroidManifest.xml:22:5-20
MERGED from [com.google.android.gms:play-services-basement:17.0.0] AndroidManifest.xml:22:5-26:19
MERGED from [com.google.android.gms:play-services-basement:17.0.0] AndroidManifest.xml:22:5-26:19
MERGED from [androidx.core:core:1.1.0] AndroidManifest.xml:24:5-89
MERGED from [androidx.core:core:1.1.0] AndroidManifest.xml:24:5-89
MERGED from [androidx.versionedparcelable:versionedparcelable:1.1.0] AndroidManifest.xml:24:5-25:19
MERGED from [androidx.versionedparcelable:versionedparcelable:1.1.0] AndroidManifest.xml:24:5-25:19
	android:appComponentFactory
		ADDED from [androidx.core:core:1.1.0] AndroidManifest.xml:24:18-86
	android:supportsRtl
		ADDED from src\main\AndroidManifest.xml:14:11-37
	android:label
		ADDED from src\main\AndroidManifest.xml:12:11-50
	tools:ignore
		ADDED from src\main\AndroidManifest.xml:16:11-50
	android:roundIcon
		ADDED from src\main\AndroidManifest.xml:13:11-56
	android:icon
		ADDED from src\main\AndroidManifest.xml:11:11-45
	android:allowBackup
		ADDED from src\main\AndroidManifest.xml:10:11-37
	android:theme
		ADDED from src\main\AndroidManifest.xml:15:11-58
activity#org.tensorflow.lite.examples.digitclassifier.MainActivity
ADDED from src\main\AndroidManifest.xml:18:5-24:16
	android:exported
		ADDED from src\main\AndroidManifest.xml:19:15-38
	android:name
		ADDED from src\main\AndroidManifest.xml:18:15-43
intent-filter#action:name:android.intent.action.MAIN+category:name:android.intent.category.LAUNCHER
ADDED from src\main\AndroidManifest.xml:20:7-23:23
action#android.intent.action.MAIN
ADDED from src\main\AndroidManifest.xml:21:9-60
	android:name
		ADDED from src\main\AndroidManifest.xml:21:17-58
category#android.intent.category.LAUNCHER
ADDED from src\main\AndroidManifest.xml:22:9-68
	android:name
		ADDED from src\main\AndroidManifest.xml:22:19-66
service#com.google.firebase.components.ComponentDiscoveryService
ADDED from [com.google.firebase:firebase-analytics-ktx:17.4.1] AndroidManifest.xml:8:9-14:19
MERGED from [com.google.firebase:firebase-config-ktx:19.1.4] AndroidManifest.xml:12:9-18:19
MERGED from [com.google.firebase:firebase-config-ktx:19.1.4] AndroidManifest.xml:12:9-18:19
MERGED from [com.google.firebase:firebase-common-ktx:19.3.0] AndroidManifest.xml:12:9-18:19
MERGED from [com.google.firebase:firebase-common-ktx:19.3.0] AndroidManifest.xml:12:9-18:19
MERGED from [com.google.firebase:firebase-ml-model-interpreter:22.0.3] AndroidManifest.xml:9:9-15:19
MERGED from [com.google.firebase:firebase-ml-model-interpreter:22.0.3] AndroidManifest.xml:9:9-15:19
MERGED from [com.google.firebase:firebase-perf:19.0.7] AndroidManifest.xml:31:9-37:19
MERGED from [com.google.firebase:firebase-perf:19.0.7] AndroidManifest.xml:31:9-37:19
MERGED from [com.google.firebase:firebase-ml-common:22.1.1] AndroidManifest.xml:8:9-14:19
MERGED from [com.google.firebase:firebase-ml-common:22.1.1] AndroidManifest.xml:8:9-14:19
MERGED from [com.google.firebase:firebase-config:19.1.4] AndroidManifest.xml:29:9-35:19
MERGED from [com.google.firebase:firebase-config:19.1.4] AndroidManifest.xml:29:9-35:19
MERGED from [com.google.android.gms:play-services-measurement-api:17.4.1] AndroidManifest.xml:27:9-33:19
MERGED from [com.google.android.gms:play-services-measurement-api:17.4.1] AndroidManifest.xml:27:9-33:19
MERGED from [com.google.firebase:firebase-iid:20.1.5] AndroidManifest.xml:29:9-35:19
MERGED from [com.google.firebase:firebase-iid:20.1.5] AndroidManifest.xml:29:9-35:19
MERGED from [com.google.firebase:firebase-abt:19.0.1] AndroidManifest.xml:12:9-16:19
MERGED from [com.google.firebase:firebase-abt:19.0.1] AndroidManifest.xml:12:9-16:19
MERGED from [com.google.firebase:firebase-installations:16.2.1] AndroidManifest.xml:14:9-20:19
MERGED from [com.google.firebase:firebase-installations:16.2.1] AndroidManifest.xml:14:9-20:19
MERGED from [com.google.firebase:firebase-common:19.3.0] AndroidManifest.xml:32:9-36:35
MERGED from [com.google.firebase:firebase-common:19.3.0] AndroidManifest.xml:32:9-36:35
	android:exported
		ADDED from [com.google.firebase:firebase-analytics-ktx:17.4.1] AndroidManifest.xml:10:13-37
	tools:targetApi
		ADDED from [com.google.firebase:firebase-common:19.3.0] AndroidManifest.xml:36:13-32
	android:directBootAware
		ADDED from [com.google.firebase:firebase-common:19.3.0] AndroidManifest.xml:34:13-43
	android:name
		ADDED from [com.google.firebase:firebase-analytics-ktx:17.4.1] AndroidManifest.xml:9:13-84
meta-data#com.google.firebase.components:com.google.firebase.analytics.ktx.FirebaseAnalyticsKtxRegistrar
ADDED from [com.google.firebase:firebase-analytics-ktx:17.4.1] AndroidManifest.xml:11:13-13:85
	android:value
		ADDED from [com.google.firebase:firebase-analytics-ktx:17.4.1] AndroidManifest.xml:13:17-82
	android:name
		ADDED from [com.google.firebase:firebase-analytics-ktx:17.4.1] AndroidManifest.xml:12:17-126
meta-data#com.google.firebase.components:com.google.firebase.remoteconfig.ktx.FirebaseConfigKtxRegistrar
ADDED from [com.google.firebase:firebase-config-ktx:19.1.4] AndroidManifest.xml:15:13-17:85
	android:value
		ADDED from [com.google.firebase:firebase-config-ktx:19.1.4] AndroidManifest.xml:17:17-82
	android:name
		ADDED from [com.google.firebase:firebase-config-ktx:19.1.4] AndroidManifest.xml:16:17-126
meta-data#com.google.firebase.components:com.google.firebase.ktx.FirebaseCommonKtxRegistrar
ADDED from [com.google.firebase:firebase-common-ktx:19.3.0] AndroidManifest.xml:15:13-17:85
	android:value
		ADDED from [com.google.firebase:firebase-common-ktx:19.3.0] AndroidManifest.xml:17:17-82
	android:name
		ADDED from [com.google.firebase:firebase-common-ktx:19.3.0] AndroidManifest.xml:16:17-113
activity#com.divyanshu.draw.activity.DrawingActivity
ADDED from [com.github.divyanshub024:AndroidDraw:v0.1] AndroidManifest.xml:12:9-14:66
	android:theme
		ADDED from [com.github.divyanshub024:AndroidDraw:v0.1] AndroidManifest.xml:14:13-63
	android:name
		ADDED from [com.github.divyanshub024:AndroidDraw:v0.1] AndroidManifest.xml:13:13-71
meta-data#com.google.firebase.components:com.google.firebase.ml.custom.CustomModelRegistrar
ADDED from [com.google.firebase:firebase-ml-model-interpreter:22.0.3] AndroidManifest.xml:12:13-14:85
	android:value
		ADDED from [com.google.firebase:firebase-ml-model-interpreter:22.0.3] AndroidManifest.xml:14:17-82
	android:name
		ADDED from [com.google.firebase:firebase-ml-model-interpreter:22.0.3] AndroidManifest.xml:13:17-113
uses-permission#android.permission.INTERNET
ADDED from [com.google.firebase:firebase-perf:19.0.7] AndroidManifest.xml:22:5-67
MERGED from [com.google.firebase:firebase-config:19.1.4] AndroidManifest.xml:26:5-67
MERGED from [com.google.firebase:firebase-config:19.1.4] AndroidManifest.xml:26:5-67
MERGED from [com.google.android.gms:play-services-measurement-api:17.4.1] AndroidManifest.xml:22:5-67
MERGED from [com.google.android.gms:play-services-measurement-api:17.4.1] AndroidManifest.xml:22:5-67
MERGED from [com.google.firebase:firebase-iid:20.1.5] AndroidManifest.xml:23:5-67
MERGED from [com.google.firebase:firebase-iid:20.1.5] AndroidManifest.xml:23:5-67
MERGED from [com.google.firebase:firebase-installations:16.2.1] AndroidManifest.xml:11:5-67
MERGED from [com.google.firebase:firebase-installations:16.2.1] AndroidManifest.xml:11:5-67
MERGED from [com.google.android.gms:play-services-measurement:17.4.1] AndroidManifest.xml:23:5-67
MERGED from [com.google.android.gms:play-services-measurement:17.4.1] AndroidManifest.xml:23:5-67
MERGED from [com.google.android.gms:play-services-measurement-impl:17.4.1] AndroidManifest.xml:23:5-67
MERGED from [com.google.android.gms:play-services-measurement-impl:17.4.1] AndroidManifest.xml:23:5-67
MERGED from [com.google.android.gms:play-services-measurement-sdk-api:17.4.1] AndroidManifest.xml:23:5-67